<?xml version="1.0" encoding="UTF-8"?>
<testng-results ignored="0" total="1" passed="1" failed="0" skipped="0">
  <reporter-output>
    <line>
      <![CDATA[Facebook – log in or sign up]]>
    </line>
  </reporter-output>
  <suite started-at="2022-11-24T11:05:15 IST" name="Default suite" finished-at="2022-11-24T11:05:34 IST" duration-ms="19379">
    <groups>
    </groups>
    <test started-at="2022-11-24T11:05:15 IST" name="Default test" finished-at="2022-11-24T11:05:34 IST" duration-ms="19379">
      <class name="aaaa123.Assert">
        <test-method is-config="true" signature="open()[pri:0, instance:aaaa123.Assert@6a6afff2]" started-at="2022-11-24T11:05:15 IST" name="open" finished-at="2022-11-24T11:05:23 IST" duration-ms="8416" status="PASS">
          <reporter-output>
          </reporter-output>
        </test-method> <!-- open -->
        <test-method signature="login()[pri:0, instance:aaaa123.Assert@6a6afff2]" started-at="2022-11-24T11:05:23 IST" name="login" finished-at="2022-11-24T11:05:34 IST" duration-ms="10551" status="PASS">
          <reporter-output>
            <line>
              <![CDATA[Facebook – log in or sign up]]>
            </line>
          </reporter-output>
        </test-method> <!-- login -->
        <test-method is-config="true" signature="close()[pri:0, instance:aaaa123.Assert@6a6afff2]" started-at="2022-11-24T11:05:34 IST" name="close" finished-at="2022-11-24T11:05:34 IST" duration-ms="340" status="PASS">
          <reporter-output>
          </reporter-output>
        </test-method> <!-- close -->
      </class> <!-- aaaa123.Assert -->
    </test> <!-- Default test -->
  </suite> <!-- Default suite -->
</testng-results>
